Loading
  587 tests found

Running tests
  Running ASHR1/test.desc  [OK]
  Running Address_of1/test.desc  [OK]
  Running Address_of2/test.desc  [OK]
  Running Anonymous_Struct1/test.desc  [OK]
  Running Anonymous_Struct2/test.desc  [OK]
  Running Anonymous_Struct3/test.desc  [OK]
  Running Array_Initialization1/test.desc  [OK]
  Running Array_Initialization2/test.desc  [OK]
  Running Array_Initialization3/test.desc  [OK]
  Running Array_operations1/test.desc  [FAILED]
  Running Associativity1/test.desc  [OK]
  Running Assumption1/test.desc  [OK]
  Running BV_Arithmetic1/test.desc  [OK]
  Running BV_Arithmetic2/test.desc  [OK]
  Running BV_Arithmetic3/test.desc  [OK]
  Running BV_Arithmetic4/test.desc  [OK]
  Running BV_Arithmetic5/test.desc  [OK]
  Running BV_Arithmetic6/test.desc  [OK]
  Running Bitfields1/test.desc  [OK]
  Running Bitfields2/test.desc  [OK]
  Running Bitfields3/test.desc  [OK]
  Running Bool1/test.desc  [OK]
  Running Bool2/test.desc  [OK]
  Running Bool3/test.desc  [OK]
  Running Bool4/test.desc  [OK]
  Running Boolean_Guards1/test.desc  [OK]
  Running Calloc1/test.desc  [OK]
  Running Computed-Goto1/test.desc  [OK]
  Running Division1/test.desc  [OK]
  Running Division2/test.desc  [OK]
  Running Double-to-float-no-simp1/test.desc  [OK]
  Running Double-to-float-no-simp1-fix1/test.desc  [OK]
  Running Double-to-float-no-simp1-fix2/test.desc  [OK]
  Running Double-to-float-with-simp1/test.desc  [OK]
  Running Ellipsis1/test.desc  [OK]
  Running Ellipsis2/test.desc  [OK]
  Running Empty_struct1/test.desc  [OK]
  Running Endianness1/test.desc  [OK]
  Running Endianness2/test.desc  [OK]
  Running Endianness3/test.desc  [OK]
  Running Endianness4/test.desc  [OK]
  Running Endianness5/test.desc  [OK]
  Running Endianness6/test.desc  [OK]
  Running Endianness7/test.desc  [OK]
  Running Endianness8/test.desc  [OK]
  Running Endianness9/test.desc  [OK]
  Running Error_Label1/test.desc  [OK]
  Running Error_Label2/test.desc  [OK]
  Running Error_Label3/test.desc  [OK]
  Running Eval_Order1/test.desc  [OK]
  Running Eval_Order2/test.desc  [SKIPPED]
  Running Exceptions1/test.desc  [OK]
  Running Failing_Assert1/test.desc  [OK]
  Running Fixedbv1/test.desc  [OK]
  Running Fixedbv2/test.desc  [OK]
  Running Fixedbv3/test.desc  [OK]
  Running Fixedbv4/test.desc  [OK]
  Running Fixedbv5/test.desc  [OK]
  Running Fixedbv6/test.desc  [OK]
  Running Fixedbv7/test.desc  [SKIPPED]
  Running Fixedbv8/test.desc  [OK]
  Running Float-Rounding1/test.desc  [OK]
  Running Float-Rounding2/test.desc  [OK]
  Running Float-Rounding3/test.desc  [OK]
  Running Float-data-dependent-rounding/test.desc  [OK]
  Running Float-div1/test.desc  [OK]
  Running Float-div1-refine/test.desc  [OK]
  Running Float-div2/test.desc  [OK]
  Running Float-div3/test.desc  [OK]
  Running Float-flags-no-simp1/test.desc  [OK]
  Running Float-flags-simp1/test.desc  [OK]
  Running Float-no-simp1/test.desc  [OK]
  Running Float-no-simp2/test.desc  [OK]
  Running Float-no-simp3/test.desc  [OK]
  Running Float-no-simp4/test.desc  [OK]
  Running Float-no-simp5/test.desc  [OK]
  Running Float-no-simp6/test.desc  [OK]
  Running Float-no-simp7/test.desc  [OK]
  Running Float-no-simp8/test.desc  [OK]
  Running Float-no-simp9/test.desc  [OK]
  Running Float-overflow1/test.desc  [OK]
  Running Float-overflow2/test.desc  [OK]
  Running Float-smt2-1/test.desc  [SKIPPED]
  Running Float-to-double1/test.desc  [OK]
  Running Float-to-double2/test.desc  [OK]
  Running Float-to-int1/test.desc  [OK]
  Running Float-to-int2/test.desc  [OK]
  Running Float-to-int3/test.desc  [OK]
  Running Float-zero-sum1/test.desc  [OK]
  Running Float1/test.desc  [OK]
  Running Float11/test.desc  [OK]
  Running Float12/test.desc  [OK]
  Running Float13/test.desc  [OK]
  Running Float14/test.desc  [OK]
  Running Float18/test.desc  [OK]
  Running Float19/test.desc  [OK]
  Running Float2/test.desc  [OK]
  Running Float20/test.desc  [OK]
  Running Float21/test.desc  [OK]
  Running Float22/test.desc  [OK]
  Running Float23/test.desc  [OK]
  Running Float24/test.desc  [FAILED]
  Running Float3/test.desc  [OK]
  Running Float4/test.desc  [OK]
  Running Float5/test.desc  [OK]
  Running Float6/test.desc  [OK]
  Running Float7/test.desc  [OK]
  Running Float8/test.desc  [OK]
  Running Float_lib1/test.desc  [OK]
  Running Float_lib2/test.desc  [OK]
  Running Free1/test.desc  [OK]
  Running Free2/test.desc  [OK]
  Running Free3/test.desc  [OK]
  Running Free4/test.desc  [OK]
  Running Function-KnR1/test.desc  [OK]
  Running Function1/test.desc  [OK]
  Running Function10/test.desc  [OK]
  Running Function11/test.desc  [OK]
  Running Function12/test.desc  [OK]
  Running Function13/test.desc  [OK]
  Running Function2/test.desc  [OK]
  Running Function3/test.desc  [OK]
  Running Function4/test.desc  [OK]
  Running Function5/test.desc  [OK]
  Running Function6/test.desc  [OK]
  Running Function7/test.desc  [OK]
  Running Function8/test.desc  [OK]
  Running Function9/test.desc  [OK]
  Running Function_Eval_Order1/test.desc  [SKIPPED]
  Running Function_Eval_Order2/test.desc  [OK]
  Running Function_Parameters1/test.desc  [SKIPPED]
  Running Function_Pointer1/test.desc  [OK]
  Running Function_Pointer10/test.desc  [OK]
  Running Function_Pointer11/test.desc  [OK]
  Running Function_Pointer12/test.desc  [OK]
  Running Function_Pointer13/test.desc  [OK]
  Running Function_Pointer14/test.desc  [OK]
  Running Function_Pointer15/test.desc  [OK]
  Running Function_Pointer16/test.desc  [OK]
  Running Function_Pointer17/test.desc  [OK]
  Running Function_Pointer2/test.desc  [OK]
  Running Function_Pointer3/test.desc  [OK]
  Running Function_Pointer4/test.desc  [OK]
  Running Function_Pointer5/test.desc  [OK]
  Running Function_Pointer6/test.desc  [OK]
  Running Function_Pointer7/test.desc  [OK]
  Running Function_Pointer8/test.desc  [OK]
  Running Function_Pointer9/test.desc  [OK]
  Running Global_Initialization1/test.desc  [OK]
  Running Global_Initialization2/test.desc  [FAILED]
  Running Initialization1/test.desc  [OK]
  Running Initialization2/test.desc  [OK]
  Running Initialization3/test.desc  [OK]
  Running Initialization5/test.desc  [OK]
  Running Initialization6/test.desc  [OK]
  Running Initialization7/test.desc  [SKIPPED]
  Running Linking1/test.desc  [OK]
  Running Linking2/test.desc  [OK]
  Running Linking3/test.desc  [OK]
  Running Linking4/test.desc  [OK]
  Running Linking5/test.desc  [OK]
  Running Linking6/test.desc  [OK]
  Running Linking7/member-name-mismatch.desc  [SKIPPED]
  Running Linking7/return_type.desc  [OK]
  Running Linking7/test.desc  [FAILED]
  Running Linking8/test.desc  [OK]
  Running Local_out_of_scope1/test.desc  [OK]
  Running Local_out_of_scope2/test.desc  [OK]
  Running Local_out_of_scope3/test.desc  [FAILED]
  Running Malloc12/test.desc  [SKIPPED]
  Running Malloc13/test.desc  [SKIPPED]
  Running Malloc14/test.desc  [OK]
  Running Malloc15/test.desc  [OK]
  Running Malloc16/test.desc  [OK]
  Running Malloc17/test.desc  [OK]
  Running Malloc18/test.desc  [OK]
  Running Malloc19/test.desc  [OK]
  Running Malloc20/test.desc  [OK]
  Running Malloc21/test.desc  [OK]
  Running Malloc22/test.descbash: line 1: 57368 Abort trap: 6           symex --unwind 2 --smt2 --outfile main.smt2 'main.c' > 'test.out' 2>&1
  [FAILED]
  Running Malloc23/test.desc  [OK]
  Running Malloc24/test.desc  [OK]
  Running Memmove1/test.desc  [FAILED]
  Running Memory_leak1/test.desc  [OK]
  Running Memory_leak2/test.desc  [OK]
  Running Mod1/test.desc  [OK]
  Running Mod2/test.desc  [OK]
  Running Multi_Dimensional_Array1/test.desc  [OK]
  Running Multi_Dimensional_Array2/test.descbash: line 1: 57416 Abort trap: 6           symex 'main.c' > 'test.out' 2>&1
  [FAILED]
  Running Multi_Dimensional_Array3/test.desc  [OK]
  Running Multi_Dimensional_Array4/test.desc  [OK]
  Running Multi_Dimensional_Array5/test.desc  [OK]
  Running Multi_Dimensional_Array6/test.descbash: line 1: 57432 Abort trap: 6           symex --unwind 3 --no-unwinding-assertions 'main.c' > 'test.out' 2>&1
  [FAILED]
  Running Multiple_Properties1/test.desc  [OK]
  Running Negation1/test.desc  [OK]
  Running Negation2/test.desc  [OK]
  Running Overflow_Addition1/test.desc  [OK]
  Running Overflow_Leftshift1/test.desc  [OK]
  Running Overflow_Multiplication1/test.desc  [OK]
  Running Overflow_Subtraction1/test.desc  [OK]
  Running Pointer_Arithmetic1/test.desc  [OK]
  Running Pointer_Arithmetic10/test.desc  [OK]
  Running Pointer_Arithmetic11/test.desc  [OK]
  Running Pointer_Arithmetic12/test.desc  [FAILED]
  Running Pointer_Arithmetic13/test.desc  [SKIPPED]
  Running Pointer_Arithmetic2/test.desc  [OK]
  Running Pointer_Arithmetic3/test.desc  [OK]
  Running Pointer_Arithmetic4/test.desc  [OK]
  Running Pointer_Arithmetic5/test.desc  [OK]
  Running Pointer_Arithmetic6/test.desc  [OK]
  Running Pointer_Arithmetic7/test.desc  [OK]
  Running Pointer_Arithmetic8/test.desc  [OK]
  Running Pointer_Arithmetic9/test.desc  [OK]
  Running Pointer_Assume1/test.desc  [SKIPPED]
  Running Pointer_array1/test.desc  [OK]
  Running Pointer_array2/test.desc  [OK]
  Running Pointer_array3/test.desc  [OK]
  Running Pointer_array4/test.desc  [OK]
  Running Pointer_array5/test.desc  [OK]
  Running Pointer_array6/test.desc  [OK]
  Running Pointer_byte_extract1/test.descbash: line 1: 57536 Abort trap: 6           symex 'main.c' > 'test.out' 2>&1
  [FAILED]
  Running Pointer_byte_extract2/test.desc  [FAILED]
  Running Pointer_byte_extract3/test.desc  [OK]
  Running Pointer_byte_extract4/test.descbash: line 1: 57548 Abort trap: 6           symex 'main.c' > 'test.out' 2>&1
  [FAILED]
  Running Pointer_byte_extract5/no-simplify.desc  [OK]
  Running Pointer_byte_extract5/test.desc  [FAILED]
  Running Pointer_byte_extract6/test.desc  [OK]
  Running Pointer_byte_extract7/test.desc  [OK]
  Running Pointer_byte_extract8/test.desc  [SKIPPED]
  Running Pointer_byte_extract9/test.desc  [OK]
  Running Pointer_difference1/test.desc  [OK]
  Running Promotion1/test.desc  [OK]
  Running Promotion2/test.desc  [OK]
  Running Promotion3/test.desc  [OK]
  Running Promotion4/test.desc  [OK]
  Running Quantifiers-assertion/test.desc  [FAILED]
  Running Quantifiers-assignment/test.desc  [OK]
  Running Quantifiers-copy/test.desc  [OK]
  Running Quantifiers-if/test.desc  [OK]
  Running Quantifiers-initialisation/test.desc  [OK]
  Running Quantifiers-initialisation2/test.desc  [FAILED]
  Running Quantifiers-invalid-var-range/test.desc  [FAILED]
  Running Quantifiers-not/test.desc  [OK]
  Running Quantifiers-not-exists/test.desc  [FAILED]
  Running Quantifiers-two-dimension-array/test.desc  [OK]
  Running Quantifiers-type/test.desc  [OK]
  Running Quantifiers1/quantifier-with-side-effect.desc  [OK]
  Running Quantifiers1/test.desc  [OK]
  Running Recursion1/test.desc  [OK]
  Running Recursion2/test.desc  [OK]
  Running Recursion3/test.desc  [OK]
  Running Recursion4/test.desc  [OK]
  Running Recursion5/test.desc  [OK]
  Running Recursion6/test.desc  [FAILED]
  Running Sideeffects1/test.desc  [OK]
  Running Sideeffects2/test.desc  [OK]
  Running Sideeffects3/test.desc  [OK]
  Running Sideeffects4/test.desc  [OK]
  Running Sideeffects5/test.desc  [OK]
  Running Sideeffects6/test.desc  [OK]
  Running Static2/test.desc  [OK]
  Running Static4/test.desc  [OK]
  Running Static_Functions1/test.desc  [OK]
  Running String1/test.desc  [OK]
  Running String2/test.desc  [OK]
  Running String3/test.desc  [SKIPPED]
  Running String4/test.desc  [OK]
  Running String5/test.desc  [OK]
  Running String6/test.desc  [OK]
  Running String7/test.desc  [OK]
  Running String_Literal1/test.desc  [OK]
  Running Struct_Bytewise1/test.desc  [OK]
  Running Struct_Bytewise2/test.desc  [OK]
  Running Struct_Initialization1/test.desc  [OK]
  Running Struct_Initialization10/test.desc  [OK]
  Running Struct_Initialization2/test.desc  [OK]
  Running Struct_Initialization3/test.desc  [OK]
  Running Struct_Initialization4/test.desc  [OK]
  Running Struct_Initialization5/test.desc  [OK]
  Running Struct_Initialization6/test.desc  [OK]
  Running Struct_Initialization7/test.desc  [OK]
  Running Struct_Initialization8/test.desc  [SKIPPED]
  Running Struct_Initialization9/test.desc  [OK]
  Running Struct_Padding1/test.descbash: line 1: 57784 Abort trap: 6           symex --32 'main.i' > 'test.out' 2>&1
  [FAILED]
  Running Typecast1/test.desc  [OK]
  Running Typecast2/test.desc  [OK]
  Running Undefined_Function1/test.desc  [OK]
  Running Undefined_Function2/test.desc  [OK]
  Running Undefined_Shift1/test.desc  [OK]
  Running Union_Initialization1/test.desc  [OK]
  Running Unwinding_Assertions_Improved1/test.desc  [SKIPPED]
  Running Unwinding_Locality1/test.desc  [OK]
  Running Variadic1/test.desc  [SKIPPED]
  Running Visual_Studio_Types1/test.desc  [OK]
  Running Visual_Studio_Types2/test.desc  [OK]
  Running Volatile1/test.desc  [SKIPPED]
  Running Zero_Initialization1/test.desc  [OK]
  Running __func__1/test.desc  [OK]
  Running abs1/test.desc  [OK]
  Running address_space_size_limit1/test.desc  [FAILED]
  Running address_space_size_limit2/test.desc  [SKIPPED]
  Running address_space_size_limit3/test.desc  [OK]
  Running always_inline1/test.desc  [OK]
  Running always_inline2/test.desc  [OK]
  Running always_inline3/test.desc  [OK]
  Running argv1/test.descbash: line 1: 57850 Abort trap: 6           symex --bounds-check --pointer-check 'main.c' > 'test.out' 2>&1
  [FAILED]
  Running array-tests/test.desc  [SKIPPED]
  Running assert_func_four/test.desc  [SKIPPED]
  Running assert_lhs/test.desc  [SKIPPED]
  Running assert_one/test.desc  [SKIPPED]
  Running assert_rtn_four/test.desc  [SKIPPED]
  Running atomic_section_seq1/test.desc  [OK]
  Running bad_option/test.desc  [OK]
  Running bad_option/test_multiple.desc  [OK]
  Running big-endian-array1/test.desc  [FAILED]
  Running bounds_check1/test.descbash: line 1: 57868 Abort trap: 6           symex --bounds-check --pointer-check 'main.c' > 'test.out' 2>&1
  [FAILED]
  Running builtin_is/test.desc  [SKIPPED]
  Running builtin_va_copy_lvalue/test.desc  [SKIPPED]
  Running builtin_va_copy_two/test.desc  [OK]
  Running builtin_va_end_lvalue/test.desc  [SKIPPED]
  Running builtin_va_end_one/test.desc  [OK]
  Running builtin_va_start_lvalue/test.desc  [SKIPPED]
  Running builtin_va_start_two/test.desc  [SKIPPED]
  Running byte_update1/test.desc  [OK]
  Running byte_update2/test.desc  [OK]
  Running byte_update3/test.desc  [OK]
  Running byte_update4/test.desc  [OK]
  Running byte_update5/test.desc  [OK]
  Running byte_update6/test.desc  [OK]
  Running byte_update7/test.desc  [OK]
  Running byte_update8/test.desc  [OK]
  Running byte_update9/test.desc  [OK]
  Running c99_Bool/test.desc  [OK]
  Running char1/test.desc  [OK]
  Running character_handling1/test.desc  [OK]
  Running comma1/test.desc  [OK]
  Running complex1/test.desc  [OK]
  Running compound_literal1/test.desc  [OK]
  Running const_ptr1/test.desc  [OK]
  Running constant_folding1/test.desc  [OK]
  Running constant_folding2/test.desc  [SKIPPED]
  Running constructor1/test.desc  [OK]
  Running coverage_report1/test.desc  [FAILED]
  Running cprover_assert_lhs/test.desc  [SKIPPED]
  Running cprover_assert_two/test.desc  [OK]
  Running cprover_fence_one/test.desc  [OK]
  Running cprover_havoc_object_lhs/test.desc  [SKIPPED]
  Running cprover_havoc_object_one/test.desc  [OK]
  Running cprover_input_lhs/test.desc  [SKIPPED]
  Running cprover_output_lhs/test.desc  [SKIPPED]
  Running divide-by-one-simplify/test.desc  [OK]
  Running dynamic_size1/stack_object.desc  [FAILED]
  Running dynamic_size1/test.desc  [OK]
  Running dynamic_sizeof1/test.desc  [OK]
  Running enum1/test.desc  [OK]
  Running enum2/test.desc  [OK]
  Running enum3/test.desc  [OK]
  Running enum4/test.desc  [OK]
  Running enum5/test.desc  [OK]
  Running enum6/test.desc  [OK]
  Running equality_through_array1/test.desc  [OK]
  Running equality_through_array2/test.desc  [OK]
  Running equality_through_array3/test.desc  [OK]
  Running equality_through_array4/test.desc  [OK]
  Running equality_through_array5/test.desc  [OK]
  Running equality_through_array6/test.desc  [OK]
  Running equality_through_array_of_struct1/test.desc  [OK]
  Running equality_through_array_of_struct2/test.desc  [OK]
  Running equality_through_array_of_struct3/test.desc  [OK]
  Running equality_through_array_of_struct4/test.desc  [OK]
  Running equality_through_struct1/test.desc  [OK]
  Running equality_through_struct2/test.desc  [OK]
  Running equality_through_struct3/test.desc  [OK]
  Running equality_through_struct4/test.desc  [OK]
  Running equality_through_struct5/test.desc  [OK]
  Running equality_through_struct_containing_arrays1/test.desc  [OK]
  Running equality_through_struct_containing_arrays2/test.desc  [OK]
  Running equality_through_struct_containing_arrays3/test.desc  [OK]
  Running equality_through_union1/test.desc  [OK]
  Running equality_through_union2/test.desc  [OK]
  Running equality_through_union3/test.desc  [OK]
  Running exit1/test.desc  [OK]
  Running extern1/test.desc  [OK]
  Running extern2/test.desc  [OK]
  Running extern_initialization1/test.desc  [OK]
  Running extern_initialization2/test.desc  [OK]
  Running fgets1/test.desc  [FAILED]
  Running for-break1/test.desc  [OK]
  Running for1/test.desc  [OK]
  Running for2/test.desc  [OK]
  Running for3/test.desc  [OK]
  Running full_slice1/test.desc  [FAILED]
  Running full_slice2/test.desc  [FAILED]
  Running full_slice3/test.desc  [SKIPPED]
  Running function_not_found/test.desc  [SKIPPED]
  Running function_option1/test.desc  [OK]
  Running gcc_attribute_alias1/test.desc  [OK]
  Running gcc_bswap1/test.desc  [OK]
  Running gcc_builtin_va_arg_one/test.desc  [SKIPPED]
  Running gcc_c99-bool-1/test.desc  [OK]
  Running gcc_conditional_expr1/test.desc  [OK]
  Running gcc_local_label1/test.desc  [OK]
  Running gcc_popcount1/test.desc  [OK]
  Running gcc_popcount2/test.desc  [SKIPPED]
  Running gcc_statement_expression1/test.desc  [OK]
  Running gcc_statement_expression2/test.desc  [OK]
  Running gcc_statement_expression3/test.desc  [OK]
  Running gcc_statement_expression4/test.desc  [OK]
  Running gcc_statement_expression5/test.desc  [OK]
  Running gcc_switch_case_range1/test.desc  [OK]
  Running gcc_switch_case_range2/test.desc  [OK]
  Running gcc_vector1/test.desc  [OK]
  Running gcc_vector2/test.desc  [OK]
  Running getenv-overflow1/test.desc  [OK]
  Running goto1/test.desc  [OK]
  Running goto2/test.desc  [OK]
  Running goto3/test.desc  [OK]
  Running goto4/test.desc  [FAILED]
  Running goto5/test.desc  [OK]
  Running graphml_witness1/test.desc  [FAILED]
  Running guard1/test.desc  [OK]
  Running havoc_object1/test.descbash: line 1: 58256 Abort trap: 6           symex 'main.c' > 'test.out' 2>&1
  [FAILED]
  Running hex_string1/test.desc  [OK]
  Running hex_trace/test.desc  [OK]
  Running if1/test.desc  [OK]
  Running if2/test.desc  [OK]
  Running if3/test.desc  [OK]
  Running if4/test.desc  [OK]
  Running inequality-with-constant-normalisation/test.desc  [OK]
  Running inet_endian1/test.desc  [OK]
  Running inline1/test.desc  [OK]
  Running int-to-float1/test.desc  [OK]
  Running int-to-float2/test.desc  [OK]
  Running integer-assignments1/test.desc  [SKIPPED]
  Running json1/test.descbash: line 1: 58310 Abort trap: 6           symex --json-ui --stop-on-fail 'main.c' > 'test.out' 2>&1
  [FAILED]
  Running little-endian-array1/test.desc  [FAILED]
  Running locations1/test.desc  [OK]
  Running member1/test.descbash: line 1: 58324 Abort trap: 6           symex --pointer-check 'main.c' > 'test.out' 2>&1
  [FAILED]
  Running memcpy-struct-ptr/test.desc  [SKIPPED]
  Running memcpy1/test.desc  [OK]
  Running memcpy2/test.desc  [OK]
  Running memcpy3/test.desc  [OK]
  Running memory_allocation1/test.desc  [FAILED]
  Running memset1/test.desc  [FAILED]
  Running memset2/test.desc  [OK]
  Running memset3/test.desc  [FAILED]
  Running mm_io1/test.desc  [FAILED]
  Running no_nondet_static/test.desc  [FAILED]
  Running noop1/test.desc  [OK]
  Running null1/test.desc  [OK]
  Running null2/test.desc  [OK]
  Running null3/test.descbash: line 1: 58389 Abort trap: 6           symex 'main.c' > 'test.out' 2>&1
  [FAILED]
  Running offsetof1/test.desc  [OK]
  Running path-branch-pointer-call/test.desc  [FAILED]
  Running phi-merge_uninitialized_values/dynamic.desc  [OK]
  Running phi-merge_uninitialized_values/global.desc  [OK]
  Running phi-merge_uninitialized_values/local.desc  [OK]
  Running phi-merge_uninitialized_values/static_local.desc  [OK]
  Running pipe1/test.descbash: line 1: 58417 Abort trap: 6           symex 'main.c' > 'test.out' 2>&1
  [FAILED]
  Running pointer-extra-checks/test.desc  [OK]
  Running pointer-function-parameters/test.desc  [FAILED]
  Running pointer-function-parameters-2/test.desc  [FAILED]
  Running posix_memalign/test.desc  [OK]
  Running printf1/test.desc  [FAILED]
  Running reachability-slice/test.desc  [FAILED]
  Running reachability-slice/test2.desc  [FAILED]
  Running reachability-slice/test3.desc  [FAILED]
  Running reachability-slice-interproc/test.desc  [FAILED]
  Running read1/test.desc  [FAILED]
  Running realloc1/test.desc  [OK]
  Running realloc2/test.desc  [OK]
  Running realloc3/test.desc  [FAILED]
  Running return1/test.desc  [OK]
  Running return2/test.desc  [OK]
  Running return3/test.desc  [OK]
  Running return4/test.desc  [OK]
  Running return5/test.desc  [OK]
  Running return6/test.desc  [OK]
  Running scanf1/big-endian.desc  [SKIPPED]
  Running scanf1/no-simplify.desc  [SKIPPED]
  Running scanf1/test.desc  [OK]
  Running self_loops_to_assumptions1/default.desc  [FAILED]
  Running self_loops_to_assumptions1/no-assume.desc  [FAILED]
  Running simple_assert/test.desc  [OK]
  Running simplify-full-test/test.desc  [OK]
  Running simplify-function-call-array-element-pointer/test.desc  [OK]
  Running simplify-function-call-array-pointer/test.desc  [OK]
  Running simplify-function-call-pointer-access/test.desc  [OK]
  Running simplify-global-array-access/test.desc  [OK]
  Running simplify-local-array-access/test.desc  [OK]
  Running simplify-pointer-access/test.desc  [OK]
  Running stack-trace/test.desc  [OK]
  Running strcat1/test.desc  [FAILED]
  Running strchr1/test.desc  [OK]
  Running strtol1/test.desc  [OK]
  Running strtol2/test.desc  [OK]
  Running struct1/test.desc  [OK]
  Running struct10/test.desc  [OK]
  Running struct11/test.desc  [SKIPPED]
  Running struct3/test.desc  [OK]
  Running struct4/test.desc  [OK]
  Running struct6/test.desc  [OK]
  Running struct7/test.desc  [OK]
  Running struct8/test.desc  [OK]
  Running struct9/test.desc  [OK]
  Running switch1/test.desc  [OK]
  Running switch2/test.desc  [OK]
  Running switch3/test.desc  [OK]
  Running switch4/test.desc  [OK]
  Running switch5/test.desc  [OK]
  Running switch6/test.desc  [OK]
  Running switch7/test.desc  [OK]
  Running symex_should_exclude_null_pointers/test.desc  [FAILED]
  Running sync_X_and_fetch_pointer/test.desc  [OK]
  Running sync_X_and_fetch_two/test.desc  [SKIPPED]
  Running sync_bool_compare_pointer/test.desc  [SKIPPED]
  Running sync_bool_compare_three/test.desc  [SKIPPED]
  Running sync_fetch_and_X_pointer/test.desc  [OK]
  Running sync_fetch_and_X_two/test.desc  [SKIPPED]
  Running sync_val_compare_pointer/test.desc  [OK]
  Running sync_val_compare_three/test.desc  [SKIPPED]
  Running trace-values/trace-values.desc  [FAILED]
  Running trace_options_json_extended/extended.descbash: line 1: 58671 Abort trap: 6           symex --trace --json-ui --trace-json-extended 'test.c' > 'extended.out' 2>&1
  [FAILED]
  Running trace_options_json_extended/non-extended.descbash: line 1: 58675 Abort trap: 6           symex --trace --json-ui 'test.c' > 'non-extended.out' 2>&1
  [FAILED]
  Running trace_show_code/test.desc  [OK]
  Running trace_show_function_calls/test.desc  [FAILED]
  Running ts18661_typedefs/test.desc  [OK]
  Running typedef-anon-struct1/test.desc  [OK]
  Running typedef-anon-struct2/test.desc  [OK]
  Running typedef-anon-union1/test.desc  [OK]
  Running typedef-anon-union2/test.desc  [OK]
  Running typedef-const-struct1/test.desc  [OK]
  Running typedef-const-type1/test.desc  [OK]
  Running typedef-const-union1/test.desc  [OK]
  Running typedef-param-anon-struct1/test.desc  [OK]
  Running typedef-param-anon-union1/test.desc  [OK]
  Running typedef-param-struct1/test.desc  [OK]
  Running typedef-param-type1/test.desc  [OK]
  Running typedef-param-type2/test.desc  [OK]
  Running typedef-param-type3/test.desc  [OK]
  Running typedef-param-union1/test.desc  [OK]
  Running typedef-return-anon-struct1/test.desc  [OK]
  Running typedef-return-anon-union1/test.desc  [OK]
  Running typedef-return-struct1/test.desc  [OK]
  Running typedef-return-type1/test.desc  [OK]
  Running typedef-return-type2/test.desc  [OK]
  Running typedef-return-type3/test.desc  [OK]
  Running typedef-return-union1/test.desc  [OK]
  Running typedef-struct1/test.desc  [OK]
  Running typedef-struct2/test.desc  [OK]
  Running typedef-type1/test.desc  [OK]
  Running typedef-type2/test.desc  [OK]
  Running typedef-type3/test.desc  [OK]
  Running typedef-type4/test.desc  [OK]
  Running typedef-union1/test.desc  [OK]
  Running typedef-union2/test.desc  [OK]
  Running uncaught_exceptions_analysis1/test.desc  [OK]
  Running union1/test.desc  [SKIPPED]
  Running union10/union_list2.desc  [SKIPPED]
  Running union11/union_list.desc  [OK]
  Running union2/test.desc  [OK]
  Running union3/test.desc  [OK]
  Running union4/test.desc  [OK]
  Running union5/test.desc  [OK]
  Running union6/test.desc  [OK]
  Running union7/test.desc  [OK]
  Running union8/test.desc  [OK]
  Running union9/test.desc  [OK]
  Running unsigned1/test.desc  [OK]
  Running unsigned___int128/test.desc  [OK]
  Running unsigned_char1/test.desc  [OK]
  Running unwind_counters1/test.desc  [FAILED]
  Running unwind_counters2/test.desc  [OK]
  Running unwind_counters3/test.desc  [OK]
  Running va_list1/test.desc  [OK]
  Running va_list2/test.desc  [SKIPPED]
  Running va_list3/test.desc  [SKIPPED]
  Running variable-access-to-constant-array/test.descbash: line 1: 58877 Segmentation fault: 11  symex 'main.c' > 'test.out' 2>&1
  [FAILED]
  Running verifier_assume_lhs/test.desc  [SKIPPED]
  Running verifier_assume_one/test.desc  [OK]
  Running verifier_error_lhs/test.desc  [SKIPPED]
  Running verifier_error_zero/test.desc  [SKIPPED]
  Running void_ifthenelse/test.desc  [OK]
  Running void_pointer1/test.desc  [OK]
  Running void_pointer2/test.desc  [OK]
  Running void_pointer3/test.desc  [OK]
  Running while1/test.desc  [OK]

Tests failed
  62 of 587 tests failed, 54 tests skipped

